# JRE version: OpenJDK Runtime Environment Temurin-17.0.12+7 (17.0.12+7) (build 17.0.12+7)
# Java VM: OpenJDK 64-Bit Server VM Temurin-17.0.12+7 (17.0.12+7, mixed mode, tiered, compressed oops, compressed class ptrs, parallel gc, windows-amd64)
GC Precious Log:
 CPUs: 2 total, 2 available
 Memory: 7628M
 Large Page Support: Disabled
 NUMA Support: Disabled
 Compressed Oops: Enabled (32-bit)
 Alignments: Space 512K, Generation 512K, Heap 2M
 Heap Min Capacity: 100M
 Heap Initial Capacity: 100M
 Heap Max Capacity: 1G
 Pre-touch: Disabled
 Parallel Workers: 2
Heap:
 PSYoungGen      total 2560K, used 489K [0x00000000eab00000, 0x00000000eaf00000, 0x0000000100000000)
  eden space 2048K, 0% used [0x00000000eab00000,0x00000000eab00000,0x00000000ead00000)
  from space 512K, 95% used [0x00000000ead80000,0x00000000eadfa770,0x00000000eae00000)
  to   space 1024K, 0% used [0x00000000eae00000,0x00000000eae00000,0x00000000eaf00000)
 ParOldGen       total 147968K, used 147543K [0x00000000c0000000, 0x00000000c9080000, 0x00000000eab00000)
  object space 147968K, 99% used [0x00000000c0000000,0x00000000c9015d10,0x00000000c9080000)
 Metaspace       used 96152K, committed 97344K, reserved 1179648K
  class space    used 9610K, committed 10112K, reserved 1048576K
GC Heap History (20 events):
Event: 10507.898 GC heap after
{Heap after GC invocations=5463 (full 55):
 PSYoungGen      total 1536K, used 288K [0x00000000eab00000, 0x00000000eae80000, 0x0000000100000000)
  eden space 1024K, 0% used [0x00000000eab00000,0x00000000eab00000,0x00000000eac00000)
  from space 512K, 56% used [0x00000000eae00000,0x00000000eae48040,0x00000000eae80000)
  to   space 1024K, 0% used [0x00000000eac80000,0x00000000eac80000,0x00000000ead80000)
 ParOldGen       total 146432K, used 143147K [0x00000000c0000000, 0x00000000c8f00000, 0x00000000eab00000)
  object space 146432K, 97% used [0x00000000c0000000,0x00000000c8bcaf20,0x00000000c8f00000)
 Metaspace       used 96151K, committed 97344K, reserved 1179648K
  class space    used 9610K, committed 10112K, reserved 1048576K
}
Event: 10507.907 GC heap before
{Heap before GC invocations=5464 (full 55):
 PSYoungGen      total 1536K, used 1312K [0x00000000eab00000, 0x00000000eae80000, 0x0000000100000000)
  eden space 1024K, 100% used [0x00000000eab00000,0x00000000eac00000,0x00000000eac00000)
  from space 512K, 56% used [0x00000000eae00000,0x00000000eae48040,0x00000000eae80000)
  to   space 1024K, 0% used [0x00000000eac80000,0x00000000eac80000,0x00000000ead80000)
 ParOldGen       total 146432K, used 143147K [0x00000000c0000000, 0x00000000c8f00000, 0x00000000eab00000)
  object space 146432K, 97% used [0x00000000c0000000,0x00000000c8bcaf20,0x00000000c8f00000)
 Metaspace       used 96151K, committed 97344K, reserved 1179648K
  class space    used 9610K, committed 10112K, reserved 1048576K
}
Event: 10507.912 GC heap after
{Heap after GC invocations=5464 (full 55):
 PSYoungGen      total 2560K, used 1008K [0x00000000eab00000, 0x00000000eaf80000, 0x0000000100000000)
  eden space 1536K, 0% used [0x00000000eab00000,0x00000000eab00000,0x00000000eac80000)
  from space 1024K, 98% used [0x00000000eac80000,0x00000000ead7c310,0x00000000ead80000)
  to   space 1536K, 0% used [0x00000000eae00000,0x00000000eae00000,0x00000000eaf80000)
 ParOldGen       total 146432K, used 143299K [0x00000000c0000000, 0x00000000c8f00000, 0x00000000eab00000)
  object space 146432K, 97% used [0x00000000c0000000,0x00000000c8bf0f40,0x00000000c8f00000)
 Metaspace       used 96151K, committed 97344K, reserved 1179648K
  class space    used 9610K, committed 10112K, reserved 1048576K
}
Event: 10507.926 GC heap before
{Heap before GC invocations=5465 (full 55):
 PSYoungGen      total 2560K, used 2544K [0x00000000eab00000, 0x00000000eaf80000, 0x0000000100000000)
  eden space 1536K, 100% used [0x00000000eab00000,0x00000000eac80000,0x00000000eac80000)
  from space 1024K, 98% used [0x00000000eac80000,0x00000000ead7c310,0x00000000ead80000)
  to   space 1536K, 0% used [0x00000000eae00000,0x00000000eae00000,0x00000000eaf80000)
 ParOldGen       total 146432K, used 143299K [0x00000000c0000000, 0x00000000c8f00000, 0x00000000eab00000)
  object space 146432K, 97% used [0x00000000c0000000,0x00000000c8bf0f40,0x00000000c8f00000)
 Metaspace       used 96151K, committed 97344K, reserved 1179648K
  class space    used 9610K, committed 10112K, reserved 1048576K
}
Event: 10507.936 GC heap after
{Heap after GC invocations=5465 (full 55):
 PSYoungGen      total 2048K, used 1520K [0x00000000eab00000, 0x00000000eb300000, 0x0000000100000000)
  eden space 512K, 0% used [0x00000000eab00000,0x00000000eab00000,0x00000000eab80000)
  from space 1536K, 99% used [0x00000000eae00000,0x00000000eaf7c310,0x00000000eaf80000)
  to   space 2560K, 0% used [0x00000000eab80000,0x00000000eab80000,0x00000000eae00000)
 ParOldGen       total 146432K, used 144243K [0x00000000c0000000, 0x00000000c8f00000, 0x00000000eab00000)
  object space 146432K, 98% used [0x00000000c0000000,0x00000000c8cdcf40,0x00000000c8f00000)
 Metaspace       used 96151K, committed 97344K, reserved 1179648K
  class space    used 9610K, committed 10112K, reserved 1048576K
}
Event: 10507.942 GC heap before
{Heap before GC invocations=5466 (full 55):
 PSYoungGen      total 2048K, used 2032K [0x00000000eab00000, 0x00000000eb300000, 0x0000000100000000)
  eden space 512K, 99% used [0x00000000eab00000,0x00000000eab7ffc8,0x00000000eab80000)
  from space 1536K, 99% used [0x00000000eae00000,0x00000000eaf7c310,0x00000000eaf80000)
  to   space 2560K, 0% used [0x00000000eab80000,0x00000000eab80000,0x00000000eae00000)
 ParOldGen       total 146432K, used 144243K [0x00000000c0000000, 0x00000000c8f00000, 0x00000000eab00000)
  object space 146432K, 98% used [0x00000000c0000000,0x00000000c8cdcf40,0x00000000c8f00000)
 Metaspace       used 96151K, committed 97344K, reserved 1179648K
  class space    used 9610K, committed 10112K, reserved 1048576K
}
Event: 10507.948 GC heap after
{Heap after GC invocations=5466 (full 55):
 PSYoungGen      total 3072K, used 2000K [0x00000000eab00000, 0x00000000eb100000, 0x0000000100000000)
  eden space 512K, 0% used [0x00000000eab00000,0x00000000eab00000,0x00000000eab80000)
  from space 2560K, 78% used [0x00000000eab80000,0x00000000ead74310,0x00000000eae00000)
  to   space 2560K, 0% used [0x00000000eae80000,0x00000000eae80000,0x00000000eb100000)
 ParOldGen       total 146432K, used 144251K [0x00000000c0000000, 0x00000000c8f00000, 0x00000000eab00000)
  object space 146432K, 98% used [0x00000000c0000000,0x00000000c8cdef40,0x00000000c8f00000)
 Metaspace       used 96151K, committed 97344K, reserved 1179648K
  class space    used 9610K, committed 10112K, reserved 1048576K
}
Event: 10507.953 GC heap before
{Heap before GC invocations=5467 (full 55):
 PSYoungGen      total 3072K, used 2512K [0x00000000eab00000, 0x00000000eb100000, 0x0000000100000000)
  eden space 512K, 100% used [0x00000000eab00000,0x00000000eab80000,0x00000000eab80000)
  from space 2560K, 78% used [0x00000000eab80000,0x00000000ead74310,0x00000000eae00000)
  to   space 2560K, 0% used [0x00000000eae80000,0x00000000eae80000,0x00000000eb100000)
 ParOldGen       total 146432K, used 144251K [0x00000000c0000000, 0x00000000c8f00000, 0x00000000eab00000)
  object space 146432K, 98% used [0x00000000c0000000,0x00000000c8cdef40,0x00000000c8f00000)
 Metaspace       used 96151K, committed 97344K, reserved 1179648K
  class space    used 9610K, committed 10112K, reserved 1048576K
}
Event: 10507.961 GC heap after
{Heap after GC invocations=5467 (full 55):
 PSYoungGen      total 3584K, used 2384K [0x00000000eab00000, 0x00000000eb100000, 0x0000000100000000)
  eden space 1024K, 0% used [0x00000000eab00000,0x00000000eab00000,0x00000000eac00000)
  from space 2560K, 93% used [0x00000000eae80000,0x00000000eb0d42f0,0x00000000eb100000)
  to   space 2560K, 0% used [0x00000000eac00000,0x00000000eac00000,0x00000000eae80000)
 ParOldGen       total 146432K, used 144387K [0x00000000c0000000, 0x00000000c8f00000, 0x00000000eab00000)
  object space 146432K, 98% used [0x00000000c0000000,0x00000000c8d00f60,0x00000000c8f00000)
 Metaspace       used 96151K, committed 97344K, reserved 1179648K
  class space    used 9610K, committed 10112K, reserved 1048576K
}
Event: 10508.179 GC heap before
{Heap before GC invocations=5468 (full 55):
 PSYoungGen      total 3584K, used 3408K [0x00000000eab00000, 0x00000000eb100000, 0x0000000100000000)
  eden space 1024K, 100% used [0x00000000eab00000,0x00000000eac00000,0x00000000eac00000)
  from space 2560K, 93% used [0x00000000eae80000,0x00000000eb0d42f0,0x00000000eb100000)
  to   space 2560K, 0% used [0x00000000eac00000,0x00000000eac00000,0x00000000eae80000)
 ParOldGen       total 146432K, used 144387K [0x00000000c0000000, 0x00000000c8f00000, 0x00000000eab00000)
  object space 146432K, 98% used [0x00000000c0000000,0x00000000c8d00f60,0x00000000c8f00000)
 Metaspace       used 96151K, committed 97344K, reserved 1179648K
  class space    used 9610K, committed 10112K, reserved 1048576K
}
Event: 10508.185 GC heap after
{Heap after GC invocations=5468 (full 55):
 PSYoungGen      total 1536K, used 192K [0x00000000eab00000, 0x00000000eaf00000, 0x0000000100000000)
  eden space 1024K, 0% used [0x00000000eab00000,0x00000000eab00000,0x00000000eac00000)
  from space 512K, 37% used [0x00000000eac00000,0x00000000eac30020,0x00000000eac80000)
  to   space 1024K, 0% used [0x00000000eae00000,0x00000000eae00000,0x00000000eaf00000)
 ParOldGen       total 146432K, used 144395K [0x00000000c0000000, 0x00000000c8f00000, 0x00000000eab00000)
  object space 146432K, 98% used [0x00000000c0000000,0x00000000c8d02f60,0x00000000c8f00000)
 Metaspace       used 96151K, committed 97344K, reserved 1179648K
  class space    used 9610K, committed 10112K, reserved 1048576K
}
Event: 10512.328 GC heap before
{Heap before GC invocations=5469 (full 55):
 PSYoungGen      total 1536K, used 1216K [0x00000000eab00000, 0x00000000eaf00000, 0x0000000100000000)
  eden space 1024K, 100% used [0x00000000eab00000,0x00000000eac00000,0x00000000eac00000)
  from space 512K, 37% used [0x00000000eac00000,0x00000000eac30020,0x00000000eac80000)
  to   space 1024K, 0% used [0x00000000eae00000,0x00000000eae00000,0x00000000eaf00000)
 ParOldGen       total 146432K, used 144395K [0x00000000c0000000, 0x00000000c8f00000, 0x00000000eab00000)
  object space 146432K, 98% used [0x00000000c0000000,0x00000000c8d02f60,0x00000000c8f00000)
 Metaspace       used 96151K, committed 97344K, reserved 1179648K
  class space    used 9610K, committed 10112K, reserved 1048576K
}
Event: 10512.330 GC heap after
{Heap after GC invocations=5469 (full 55):
 PSYoungGen      total 2048K, used 160K [0x00000000eab00000, 0x00000000eae80000, 0x0000000100000000)
  eden space 1536K, 0% used [0x00000000eab00000,0x00000000eab00000,0x00000000eac80000)
  from space 512K, 31% used [0x00000000eae00000,0x00000000eae28020,0x00000000eae80000)
  to   space 512K, 0% used [0x00000000ead80000,0x00000000ead80000,0x00000000eae00000)
 ParOldGen       total 146432K, used 144403K [0x00000000c0000000, 0x00000000c8f00000, 0x00000000eab00000)
  object space 146432K, 98% used [0x00000000c0000000,0x00000000c8d04f60,0x00000000c8f00000)
 Metaspace       used 96151K, committed 97344K, reserved 1179648K
  class space    used 9610K, committed 10112K, reserved 1048576K
}
Event: 10512.358 GC heap before
{Heap before GC invocations=5470 (full 55):
 PSYoungGen      total 2048K, used 1692K [0x00000000eab00000, 0x00000000eae80000, 0x0000000100000000)
  eden space 1536K, 99% used [0x00000000eab00000,0x00000000eac7f1b0,0x00000000eac80000)
  from space 512K, 31% used [0x00000000eae00000,0x00000000eae28020,0x00000000eae80000)
  to   space 512K, 0% used [0x00000000ead80000,0x00000000ead80000,0x00000000eae00000)
 ParOldGen       total 146432K, used 145886K [0x00000000c0000000, 0x00000000c8f00000, 0x00000000eab00000)
  object space 146432K, 99% used [0x00000000c0000000,0x00000000c8e77bc0,0x00000000c8f00000)
 Metaspace       used 96152K, committed 97344K, reserved 1179648K
  class space    used 9610K, committed 10112K, reserved 1048576K
}
Event: 10512.363 GC heap after
{Heap after GC invocations=5470 (full 55):
 PSYoungGen      total 2560K, used 489K [0x00000000eab00000, 0x00000000eaf00000, 0x0000000100000000)
  eden space 2048K, 0% used [0x00000000eab00000,0x00000000eab00000,0x00000000ead00000)
  from space 512K, 95% used [0x00000000ead80000,0x00000000eadfa790,0x00000000eae00000)
  to   space 1024K, 0% used [0x00000000eae00000,0x00000000eae00000,0x00000000eaf00000)
 ParOldGen       total 146432K, used 145943K [0x00000000c0000000, 0x00000000c8f00000, 0x00000000eab00000)
  object space 146432K, 99% used [0x00000000c0000000,0x00000000c8e85c10,0x00000000c8f00000)
 Metaspace       used 96152K, committed 97344K, reserved 1179648K
  class space    used 9610K, committed 10112K, reserved 1048576K
}
Event: 10512.419 GC heap before
{Heap before GC invocations=5471 (full 55):
 PSYoungGen      total 2560K, used 2537K [0x00000000eab00000, 0x00000000eaf00000, 0x0000000100000000)
  eden space 2048K, 100% used [0x00000000eab00000,0x00000000ead00000,0x00000000ead00000)
  from space 512K, 95% used [0x00000000ead80000,0x00000000eadfa790,0x00000000eae00000)
  to   space 1024K, 0% used [0x00000000eae00000,0x00000000eae00000,0x00000000eaf00000)
 ParOldGen       total 146432K, used 145943K [0x00000000c0000000, 0x00000000c8f00000, 0x00000000eab00000)
  object space 146432K, 99% used [0x00000000c0000000,0x00000000c8e85c10,0x00000000c8f00000)
 Metaspace       used 96152K, committed 97344K, reserved 1179648K
  class space    used 9610K, committed 10112K, reserved 1048576K
}
Event: 10512.424 GC heap after
{Heap after GC invocations=5471 (full 55):
 PSYoungGen      total 2560K, used 192K [0x00000000eab00000, 0x00000000eae80000, 0x0000000100000000)
  eden space 2048K, 0% used [0x00000000eab00000,0x00000000eab00000,0x00000000ead00000)
  from space 512K, 37% used [0x00000000eae00000,0x00000000eae30000,0x00000000eae80000)
  to   space 512K, 0% used [0x00000000ead80000,0x00000000ead80000,0x00000000eae00000)
 ParOldGen       total 146432K, used 146023K [0x00000000c0000000, 0x00000000c8f00000, 0x00000000eab00000)
  object space 146432K, 99% used [0x00000000c0000000,0x00000000c8e99c30,0x00000000c8f00000)
 Metaspace       used 96152K, committed 97344K, reserved 1179648K
  class space    used 9610K, committed 10112K, reserved 1048576K
}
Event: 10512.438 GC heap before
{Heap before GC invocations=5472 (full 55):
 PSYoungGen      total 2560K, used 2234K [0x00000000eab00000, 0x00000000eae80000, 0x0000000100000000)
  eden space 2048K, 99% used [0x00000000eab00000,0x00000000eacfeb30,0x00000000ead00000)
  from space 512K, 37% used [0x00000000eae00000,0x00000000eae30000,0x00000000eae80000)
  to   space 512K, 0% used [0x00000000ead80000,0x00000000ead80000,0x00000000eae00000)
 ParOldGen       total 146432K, used 146023K [0x00000000c0000000, 0x00000000c8f00000, 0x00000000eab00000)
  object space 146432K, 99% used [0x00000000c0000000,0x00000000c8e99c30,0x00000000c8f00000)
 Metaspace       used 96152K, committed 97344K, reserved 1179648K
  class space    used 9610K, committed 10112K, reserved 1048576K
}
Event: 10512.442 GC heap after
{Heap after GC invocations=5472 (full 55):
 PSYoungGen      total 2560K, used 489K [0x00000000eab00000, 0x00000000eaf00000, 0x0000000100000000)
  eden space 2048K, 0% used [0x00000000eab00000,0x00000000eab00000,0x00000000ead00000)
  from space 512K, 95% used [0x00000000ead80000,0x00000000eadfa770,0x00000000eae00000)
  to   space 1024K, 0% used [0x00000000eae00000,0x00000000eae00000,0x00000000eaf00000)
 ParOldGen       total 147968K, used 147543K [0x00000000c0000000, 0x00000000c9080000, 0x00000000eab00000)
  object space 147968K, 99% used [0x00000000c0000000,0x00000000c9015d10,0x00000000c9080000)
 Metaspace       used 96152K, committed 97344K, reserved 1179648K
  class space    used 9610K, committed 10112K, reserved 1048576K
}
Event: 10512.442 GC heap before
{Heap before GC invocations=5473 (full 56):
 PSYoungGen      total 2560K, used 489K [0x00000000eab00000, 0x00000000eaf00000, 0x0000000100000000)
  eden space 2048K, 0% used [0x00000000eab00000,0x00000000eab00000,0x00000000ead00000)
  from space 512K, 95% used [0x00000000ead80000,0x00000000eadfa770,0x00000000eae00000)
  to   space 1024K, 0% used [0x00000000eae00000,0x00000000eae00000,0x00000000eaf00000)
 ParOldGen       total 147968K, used 147543K [0x00000000c0000000, 0x00000000c9080000, 0x00000000eab00000)
  object space 147968K, 99% used [0x00000000c0000000,0x00000000c9015d10,0x00000000c9080000)
 Metaspace       used 96152K, committed 97344K, reserved 1179648K
  class space    used 9610K, committed 10112K, reserved 1048576K
}

